[debug] [2024-03-24T20:23:38.815Z] ----------------------------------------------------------------------
[debug] [2024-03-24T20:23:38.830Z] Command:       C:\Program Files\nodejs\node.exe C:\Users\LuizP\AppData\Roaming\npm\node_modules\firebase-tools\lib\bin\firebase.js init
[debug] [2024-03-24T20:23:38.831Z] CLI Version:   13.5.2
[debug] [2024-03-24T20:23:38.831Z] Platform:      win32
[debug] [2024-03-24T20:23:38.831Z] Node Version:  v21.1.0
[debug] [2024-03-24T20:23:38.832Z] Time:          Sun Mar 24 2024 17:23:38 GMT-0300 (Horário Padrão de Brasília)
[debug] [2024-03-24T20:23:38.832Z] ----------------------------------------------------------------------
[debug] 
[debug] [2024-03-24T20:23:38.848Z] > command requires scopes: ["email","openid","https://www.googleapis.com/auth/cloudplatformprojects.readonly","https://www.googleapis.com/auth/firebase","https://www.googleapis.com/auth/cloud-platform"]
[debug] [2024-03-24T20:23:38.850Z] > authorizing via signed-in user (luiz.pbilippe.alves.lima@gmail.com)
[info] 
     ######## #### ########  ######## ########     ###     ######  ########
     ##        ##  ##     ## ##       ##     ##  ##   ##  ##       ##
     ######    ##  ########  ######   ########  #########  ######  ######
     ##        ##  ##    ##  ##       ##     ## ##     ##       ## ##
     ##       #### ##     ## ######## ########  ##     ##  ######  ########

You're about to initialize a Firebase project in this directory:

  C:\GameBakount

Before we get started, keep in mind:

  * You are currently outside your home directory

